<?xml version="1.0" encoding="UTF-8"?>
<!-- Generated by org.testng.reporters.JUnitReportReporter -->
<testsuite hostname="Khanal" name="com.connectedrms.learnerdashboard.Purchasecourse_alreadypartner" tests="1" failures="0" timestamp="15 May 2019 04:35:09 GMT" time="39.462" errors="0">
  <testcase name="invokeBrowser" time="39.462" classname="com.connectedrms.learnerdashboard.Purchasecourse_alreadypartner"/>
</testsuite> <!-- com.connectedrms.learnerdashboard.Purchasecourse_alreadypartner -->
