<?xml version="1.0" encoding="UTF-8"?>
<!-- Generated by org.testng.reporters.JUnitReportReporter -->
<testsuite hostname="Khanal" name="com.connectedrms.learnerdashboard.Purchasecourse_alreadypartner" tests="1" failures="0" timestamp="16 May 2019 10:42:51 GMT" time="38.037" errors="0">
  <testcase name="invokeBrowser" time="38.037" classname="com.connectedrms.learnerdashboard.Purchasecourse_alreadypartner"/>
</testsuite> <!-- com.connectedrms.learnerdashboard.Purchasecourse_alreadypartner -->
