<?xml version="1.0" encoding="UTF-8"?>
<!-- Generated by org.testng.reporters.JUnitReportReporter -->
<testsuite hostname="Khanal" name="com.connectedrms.learnerdashboard.Purchasecourse_createpartner" tests="1" failures="0" timestamp="16 May 2019 10:56:24 GMT" time="39.752" errors="0">
  <testcase name="invokeBrowser" time="39.752" classname="com.connectedrms.learnerdashboard.Purchasecourse_createpartner"/>
</testsuite> <!-- com.connectedrms.learnerdashboard.Purchasecourse_createpartner -->
