<?xml version="1.0" encoding="UTF-8"?>
<!-- Generated by org.testng.reporters.JUnitReportReporter -->
<testsuite hostname="Khanal" name="com.connectedrms.learnerdashboard.Purchasebundle_createpartner" tests="1" failures="0" timestamp="16 May 2019 10:46:35 GMT" time="30.460" errors="0">
  <testcase name="invokeBrowser" time="30.460" classname="com.connectedrms.learnerdashboard.Purchasebundle_createpartner"/>
</testsuite> <!-- com.connectedrms.learnerdashboard.Purchasebundle_createpartner -->
