<?xml version="1.0" encoding="UTF-8"?>
<!-- Generated by org.testng.reporters.JUnitReportReporter -->
<testsuite hostname="Khanal" name="com.connectedrms.learnerdashboard.Login_learner" tests="1" failures="0" timestamp="16 May 2019 03:41:54 GMT" time="219.515" errors="0">
  <testcase name="login" time="219.515" classname="com.connectedrms.learnerdashboard.Login_learner"/>
</testsuite> <!-- com.connectedrms.learnerdashboard.Login_learner -->
