<?xml version="1.0" encoding="UTF-8"?>
<!-- Generated by org.testng.reporters.JUnitReportReporter -->
<testsuite hostname="Khanal" name="com.connectedrms.learnerdashboard.Login_learner" tests="1" failures="0" timestamp="14 May 2019 11:46:08 GMT" time="189.353" errors="0">
  <testcase name="login" time="189.353" classname="com.connectedrms.learnerdashboard.Login_learner"/>
</testsuite> <!-- com.connectedrms.learnerdashboard.Login_learner -->
