<?xml version="1.0" encoding="UTF-8"?>
<!-- Generated by org.testng.reporters.JUnitReportReporter -->
<testsuite hostname="Khanal" name="com.connectedrms.admindashboard.Login" tests="1" failures="0" timestamp="14 May 2019 06:32:33 GMT" time="462.624" errors="0">
  <testcase name="login" time="462.624" classname="com.connectedrms.admindashboard.Login"/>
</testsuite> <!-- com.connectedrms.admindashboard.Login -->
