<?xml version="1.0" encoding="UTF-8"?>
<!-- Generated by org.testng.reporters.JUnitReportReporter -->
<testsuite hostname="Khanal" name="com.connectedrms.learnerdashboard.Purchasebundle_alreadypartner" tests="1" failures="0" timestamp="15 May 2019 04:29:35 GMT" time="39.843" errors="0">
  <testcase name="invokeBrowser" time="39.843" classname="com.connectedrms.learnerdashboard.Purchasebundle_alreadypartner"/>
</testsuite> <!-- com.connectedrms.learnerdashboard.Purchasebundle_alreadypartner -->
