<?xml version="1.0" encoding="UTF-8"?>
<!-- Generated by org.testng.reporters.JUnitReportReporter -->
<testsuite hostname="Khanal" name="com.connectedrms.learnerdashboard.Purchasecourse_createpartner" tests="1" failures="0" timestamp="15 May 2019 06:22:50 GMT" time="34.821" errors="0">
  <testcase name="invokeBrowser" time="34.821" classname="com.connectedrms.learnerdashboard.Purchasecourse_createpartner"/>
</testsuite> <!-- com.connectedrms.learnerdashboard.Purchasecourse_createpartner -->
