<?xml version="1.0" encoding="UTF-8"?>
<!-- Generated by org.testng.reporters.JUnitReportReporter -->
<testsuite hostname="Khanal" name="com.connectedrms.admindashboard.Login" tests="1" failures="0" timestamp="16 May 2019 04:06:28 GMT" time="394.457" errors="0">
  <testcase name="login" time="394.457" classname="com.connectedrms.admindashboard.Login"/>
</testsuite> <!-- com.connectedrms.admindashboard.Login -->
