<?xml version="1.0" encoding="UTF-8"?>
<!-- Generated by org.testng.reporters.JUnitReportReporter -->
<testsuite hostname="Khanal" name="com.connectedrms.learnerdashboard.Purchasebundle_alreadypartner" tests="1" failures="0" timestamp="16 May 2019 10:28:51 GMT" time="39.677" errors="0">
  <testcase name="invokeBrowser" time="39.677" classname="com.connectedrms.learnerdashboard.Purchasebundle_alreadypartner"/>
</testsuite> <!-- com.connectedrms.learnerdashboard.Purchasebundle_alreadypartner -->
